# JRE version: Java(TM) SE Runtime Environment (8.0_241-b07) (build 1.8.0_241-b07)
# Java VM: Java HotSpot(TM) 64-Bit Server VM (25.241-b07 mixed mode windows-amd64 compressed oops)
Heap:
 PSYoungGen      total 283136K, used 123535K [0x00000000eb300000, 0x0000000100000000, 0x0000000100000000)
  eden space 264192K, 46% used [0x00000000eb300000,0x00000000f2ba3ed0,0x00000000fb500000)
  from space 18944K, 0% used [0x00000000fb500000,0x00000000fb500000,0x00000000fc780000)
  to   space 19456K, 0% used [0x00000000fed00000,0x00000000fed00000,0x0000000100000000)
 ParOldGen       total 76800K, used 32411K [0x00000000c1800000, 0x00000000c6300000, 0x00000000eb300000)
  object space 76800K, 42% used [0x00000000c1800000,0x00000000c37a6c28,0x00000000c6300000)
 Metaspace       used 62507K, capacity 66698K, committed 66944K, reserved 1107968K
  class space    used 8658K, capacity 9328K, committed 9344K, reserved 1048576K
GC Heap History (10 events):
Event: 2.611 GC heap before
{Heap before GC invocations=12 (full 1):
 PSYoungGen      total 198656K, used 91069K [0x00000000eb300000, 0x00000000f8880000, 0x0000000100000000)
  eden space 188416K, 42% used [0x00000000eb300000,0x00000000f01f3710,0x00000000f6b00000)
  from space 10240K, 99% used [0x00000000f7900000,0x00000000f82fbef8,0x00000000f8300000)
  to   space 14336K, 0% used [0x00000000f6b00000,0x00000000f6b00000,0x00000000f7900000)
 ParOldGen       total 31232K, used 16305K [0x00000000c1800000, 0x00000000c3680000, 0x00000000eb300000)
  object space 31232K, 52% used [0x00000000c1800000,0x00000000c27ec728,0x00000000c3680000)
 Metaspace       used 33086K, capacity 35258K, committed 35416K, reserved 1079296K
  class space    used 4585K, capacity 5002K, committed 5120K, reserved 1048576K
Event: 2.620 GC heap after
Heap after GC invocations=12 (full 1):
 PSYoungGen      total 202752K, used 2426K [0x00000000eb300000, 0x00000000fda00000, 0x0000000100000000)
  eden space 188416K, 0% used [0x00000000eb300000,0x00000000eb300000,0x00000000f6b00000)
  from space 14336K, 16% used [0x00000000f6b00000,0x00000000f6d5e930,0x00000000f7900000)
  to   space 14336K, 0% used [0x00000000fcc00000,0x00000000fcc00000,0x00000000fda00000)
 ParOldGen       total 31232K, used 25582K [0x00000000c1800000, 0x00000000c3680000, 0x00000000eb300000)
  object space 31232K, 81% used [0x00000000c1800000,0x00000000c30fb818,0x00000000c3680000)
 Metaspace       used 33086K, capacity 35258K, committed 35416K, reserved 1079296K
  class space    used 4585K, capacity 5002K, committed 5120K, reserved 1048576K
}
Event: 2.620 GC heap before
{Heap before GC invocations=13 (full 2):
 PSYoungGen      total 202752K, used 2426K [0x00000000eb300000, 0x00000000fda00000, 0x0000000100000000)
  eden space 188416K, 0% used [0x00000000eb300000,0x00000000eb300000,0x00000000f6b00000)
  from space 14336K, 16% used [0x00000000f6b00000,0x00000000f6d5e930,0x00000000f7900000)
  to   space 14336K, 0% used [0x00000000fcc00000,0x00000000fcc00000,0x00000000fda00000)
 ParOldGen       total 31232K, used 25582K [0x00000000c1800000, 0x00000000c3680000, 0x00000000eb300000)
  object space 31232K, 81% used [0x00000000c1800000,0x00000000c30fb818,0x00000000c3680000)
 Metaspace       used 33086K, capacity 35258K, committed 35416K, reserved 1079296K
  class space    used 4585K, capacity 5002K, committed 5120K, reserved 1048576K
Event: 2.673 GC heap after
Heap after GC invocations=13 (full 2):
 PSYoungGen      total 202752K, used 0K [0x00000000eb300000, 0x00000000fda00000, 0x0000000100000000)
  eden space 188416K, 0% used [0x00000000eb300000,0x00000000eb300000,0x00000000f6b00000)
  from space 14336K, 0% used [0x00000000f6b00000,0x00000000f6b00000,0x00000000f7900000)
  to   space 14336K, 0% used [0x00000000fcc00000,0x00000000fcc00000,0x00000000fda00000)
 ParOldGen       total 52736K, used 17713K [0x00000000c1800000, 0x00000000c4b80000, 0x00000000eb300000)
  object space 52736K, 33% used [0x00000000c1800000,0x00000000c294c588,0x00000000c4b80000)
 Metaspace       used 33086K, capacity 35258K, committed 35416K, reserved 1079296K
  class space    used 4585K, capacity 5002K, committed 5120K, reserved 1048576K
}
Event: 3.766 GC heap before
{Heap before GC invocations=14 (full 2):
 PSYoungGen      total 202752K, used 188416K [0x00000000eb300000, 0x00000000fda00000, 0x0000000100000000)
  eden space 188416K, 100% used [0x00000000eb300000,0x00000000f6b00000,0x00000000f6b00000)
  from space 14336K, 0% used [0x00000000f6b00000,0x00000000f6b00000,0x00000000f7900000)
  to   space 14336K, 0% used [0x00000000fcc00000,0x00000000fcc00000,0x00000000fda00000)
 ParOldGen       total 52736K, used 17713K [0x00000000c1800000, 0x00000000c4b80000, 0x00000000eb300000)
  object space 52736K, 33% used [0x00000000c1800000,0x00000000c294c588,0x00000000c4b80000)
 Metaspace       used 48242K, capacity 50934K, committed 51200K, reserved 1093632K
  class space    used 6828K, capacity 7313K, committed 7424K, reserved 1048576K
Event: 3.781 GC heap after
Heap after GC invocations=14 (full 2):
 PSYoungGen      total 273408K, used 14307K [0x00000000eb300000, 0x00000000fda00000, 0x0000000100000000)
  eden space 259072K, 0% used [0x00000000eb300000,0x00000000eb300000,0x00000000fb000000)
  from space 14336K, 99% used [0x00000000fcc00000,0x00000000fd9f8cd8,0x00000000fda00000)
  to   space 18944K, 0% used [0x00000000fb500000,0x00000000fb500000,0x00000000fc780000)
 ParOldGen       total 52736K, used 24318K [0x00000000c1800000, 0x00000000c4b80000, 0x00000000eb300000)
  object space 52736K, 46% used [0x00000000c1800000,0x00000000c2fbf948,0x00000000c4b80000)
 Metaspace       used 48242K, capacity 50934K, committed 51200K, reserved 1093632K
  class space    used 6828K, capacity 7313K, committed 7424K, reserved 1048576K
}
Event: 4.910 GC heap before
{Heap before GC invocations=15 (full 2):
 PSYoungGen      total 273408K, used 170913K [0x00000000eb300000, 0x00000000fda00000, 0x0000000100000000)
  eden space 259072K, 60% used [0x00000000eb300000,0x00000000f4bef808,0x00000000fb000000)
  from space 14336K, 99% used [0x00000000fcc00000,0x00000000fd9f8cd8,0x00000000fda00000)
  to   space 18944K, 0% used [0x00000000fb500000,0x00000000fb500000,0x00000000fc780000)
 ParOldGen       total 52736K, used 24318K [0x00000000c1800000, 0x00000000c4b80000, 0x00000000eb300000)
  object space 52736K, 46% used [0x00000000c1800000,0x00000000c2fbf948,0x00000000c4b80000)
 Metaspace       used 55284K, capacity 58894K, committed 59008K, reserved 1099776K
  class space    used 7840K, capacity 8471K, committed 8576K, reserved 1048576K
Event: 4.923 GC heap after
Heap after GC invocations=15 (full 2):
 PSYoungGen      total 283136K, used 11197K [0x00000000eb300000, 0x0000000100000000, 0x0000000100000000)
  eden space 264192K, 0% used [0x00000000eb300000,0x00000000eb300000,0x00000000fb500000)
  from space 18944K, 59% used [0x00000000fb500000,0x00000000fbfef4b0,0x00000000fc780000)
  to   space 19456K, 0% used [0x00000000fed00000,0x00000000fed00000,0x0000000100000000)
 ParOldGen       total 52736K, used 30398K [0x00000000c1800000, 0x00000000c4b80000, 0x00000000eb300000)
  object space 52736K, 57% used [0x00000000c1800000,0x00000000c35af9c0,0x00000000c4b80000)
 Metaspace       used 55284K, capacity 58894K, committed 59008K, reserved 1099776K
  class space    used 7840K, capacity 8471K, committed 8576K, reserved 1048576K
}
Event: 4.923 GC heap before
{Heap before GC invocations=16 (full 3):
 PSYoungGen      total 283136K, used 11197K [0x00000000eb300000, 0x0000000100000000, 0x0000000100000000)
  eden space 264192K, 0% used [0x00000000eb300000,0x00000000eb300000,0x00000000fb500000)
  from space 18944K, 59% used [0x00000000fb500000,0x00000000fbfef4b0,0x00000000fc780000)
  to   space 19456K, 0% used [0x00000000fed00000,0x00000000fed00000,0x0000000100000000)
 ParOldGen       total 52736K, used 30398K [0x00000000c1800000, 0x00000000c4b80000, 0x00000000eb300000)
  object space 52736K, 57% used [0x00000000c1800000,0x00000000c35af9c0,0x00000000c4b80000)
 Metaspace       used 55284K, capacity 58894K, committed 59008K, reserved 1099776K
  class space    used 7840K, capacity 8471K, committed 8576K, reserved 1048576K
Event: 5.066 GC heap after
Heap after GC invocations=16 (full 3):
 PSYoungGen      total 283136K, used 0K [0x00000000eb300000, 0x0000000100000000, 0x0000000100000000)
  eden space 264192K, 0% used [0x00000000eb300000,0x00000000eb300000,0x00000000fb500000)
  from space 18944K, 0% used [0x00000000fb500000,0x00000000fb500000,0x00000000fc780000)
  to   space 19456K, 0% used [0x00000000fed00000,0x00000000fed00000,0x0000000100000000)
 ParOldGen       total 76800K, used 32411K [0x00000000c1800000, 0x00000000c6300000, 0x00000000eb300000)
  object space 76800K, 42% used [0x00000000c1800000,0x00000000c37a6c28,0x00000000c6300000)
 Metaspace       used 55284K, capacity 58894K, committed 59008K, reserved 1099776K
  class space    used 7840K, capacity 8471K, committed 8576K, reserved 1048576K
}

